<?xml version="1.0" encoding="UTF-8"?>
<testsuite name="com.ubs.opsit.interviews.BerlinClockTimeConverterTest" tests="15" skipped="0" failures="0" errors="0" timestamp="2018-05-27T16:33:01" hostname="SNRUMCJAN2K18" time="0.004">
  <properties/>
  <testcase name="testInputTimeFormatIsHHMMSS" classname="com.ubs.opsit.interviews.BerlinClockTimeConverterTest" time="0.0"/>
  <testcase name="testInputHourValueIsL0" classname="com.ubs.opsit.interviews.BerlinClockTimeConverterTest" time="0.0"/>
  <testcase name="test22Minutes" classname="com.ubs.opsit.interviews.BerlinClockTimeConverterTest" time="0.0"/>
  <testcase name="testInputHourValueIsGt24" classname="com.ubs.opsit.interviews.BerlinClockTimeConverterTest" time="0.0"/>
  <testcase name="testZeroMinutes" classname="com.ubs.opsit.interviews.BerlinClockTimeConverterTest" time="0.0"/>
  <testcase name="testInputTimeIsNotEmptyString" classname="com.ubs.opsit.interviews.BerlinClockTimeConverterTest" time="0.0"/>
  <testcase name="test12Minutes" classname="com.ubs.opsit.interviews.BerlinClockTimeConverterTest" time="0.0"/>
  <testcase name="test12Hours" classname="com.ubs.opsit.interviews.BerlinClockTimeConverterTest" time="0.0"/>
  <testcase name="testInputTimeIsNotNull" classname="com.ubs.opsit.interviews.BerlinClockTimeConverterTest" time="0.0"/>
  <testcase name="testZeroHours" classname="com.ubs.opsit.interviews.BerlinClockTimeConverterTest" time="0.001"/>
  <testcase name="test23Hours" classname="com.ubs.opsit.interviews.BerlinClockTimeConverterTest" time="0.0"/>
  <testcase name="testInputSecondsValueIsGt59" classname="com.ubs.opsit.interviews.BerlinClockTimeConverterTest" time="0.0"/>
  <testcase name="test24Hours" classname="com.ubs.opsit.interviews.BerlinClockTimeConverterTest" time="0.0"/>
  <testcase name="testInputTimeValueIsNoNumeric" classname="com.ubs.opsit.interviews.BerlinClockTimeConverterTest" time="0.0"/>
  <testcase name="testInputHoursValueIsGt59" classname="com.ubs.opsit.interviews.BerlinClockTimeConverterTest" time="0.001"/>
  <system-out><![CDATA[]]></system-out>
  <system-err><![CDATA[]]></system-err>
</testsuite>
